env: load .env
env: export EXPO_PUBLIC_CLERK_PUBLISHABLE_KEY EXPO_PUBLIC_CLERK_SECRET_KEY
Starting project at /Users/guniluk/Desktop/CODING/webMobile-recipe-all/mobile
✅ Clerk iOS plugin loaded
✅ Clerk Android plugin loaded
✅ Clerk iOS plugin loaded
✅ Clerk Android plugin loaded
✅ Clerk iOS plugin loaded
✅ Clerk Android plugin loaded
React Compiler enabled
Starting Metro Bundler
warning: Bundler cache is empty, rebuilding (this may take a minute)
✅ Clerk iOS plugin loaded
✅ Clerk Android plugin loaded
✅ Clerk iOS plugin loaded
✅ Clerk Android plugin loaded
✅ Clerk iOS plugin loaded
✅ Clerk Android plugin loaded
✅ Clerk iOS plugin loaded
✅ Clerk Android plugin loaded
Waiting on http://localhost:8081
Logs for your project will appear below.
